05/06/2017 16:36:29 (Std) 	+-+-+-+-+-+-+-+-+-+-+-+-+-+-+-+-+-+-+-+-+-+-+-+-+-+-+-+-+-+-+-+-+-+-+-+-+-+-+-+
05/06/2017 16:36:29 (Std) 	+                     Crazy Eddie's GUI System - Event log                    +
05/06/2017 16:36:29 (Std) 	+                          (http://www.cegui.org.uk/)                         +
05/06/2017 16:36:29 (Std) 	+-+-+-+-+-+-+-+-+-+-+-+-+-+-+-+-+-+-+-+-+-+-+-+-+-+-+-+-+-+-+-+-+-+-+-+-+-+-+-+

05/06/2017 16:36:29 (Std) 	CEGUI::Logger singleton created. (051BCDF8)
05/06/2017 16:36:29 (Std) 	
05/06/2017 16:36:29 (Std) 	********************************************************************************
05/06/2017 16:36:29 (Std) 	* Important:                                                                   *
05/06/2017 16:36:29 (Std) 	*     To get support at the CEGUI forums, you must post _at least_ the section *
05/06/2017 16:36:29 (Std) 	*     of this log file indicated below.  Failure to do this will result in no  *
05/06/2017 16:36:29 (Std) 	*     support being given; please do not waste our time.                       *
05/06/2017 16:36:29 (Std) 	********************************************************************************
05/06/2017 16:36:29 (Std) 	********************************************************************************
05/06/2017 16:36:29 (Std) 	* -------- START OF ESSENTIAL SECTION TO BE POSTED ON THE FORUM       -------- *
05/06/2017 16:36:29 (Std) 	********************************************************************************
05/06/2017 16:36:29 (Std) 	---- Version: 0.8.7 (Build: May 25 2017 Debug Microsoft Windows MSVC++ 11.0 (2012) 32 bit) ----
05/06/2017 16:36:29 (Std) 	---- Renderer module is: CEGUI::OpenGL3Renderer - Official OpenGL 3.2 core based renderer module.  TextureTarget support enabled via FBO OGL 3.2 core implementation. ----
05/06/2017 16:36:29 (Std) 	---- XML Parser module is: CEGUI::TinyXMLParser - Official tinyXML based parser module for CEGUI ----
05/06/2017 16:36:29 (Std) 	---- Image Codec module is: FreeImageCodec - FreeImage based image codec ----
05/06/2017 16:36:29 (Std) 	---- Scripting module is: None ----
05/06/2017 16:36:29 (Std) 	********************************************************************************
05/06/2017 16:36:29 (Std) 	* -------- END OF ESSENTIAL SECTION TO BE POSTED ON THE FORUM         -------- *
05/06/2017 16:36:29 (Std) 	********************************************************************************
05/06/2017 16:36:29 (Std) 	
05/06/2017 16:36:29 (Std) 	---- Begining CEGUI System initialisation ----
05/06/2017 16:36:29 (Std) 	[CEGUI::ImageManager] Singleton created (05338D30)
05/06/2017 16:36:29 (Std) 	[CEGUI::ImageManager] Registered Image type: BasicImage
05/06/2017 16:36:29 (Std) 	CEGUI::FontManager singleton created. (051BD068)
05/06/2017 16:36:29 (Std) 	CEGUI::WindowFactoryManager singleton created
05/06/2017 16:36:29 (Std) 	CEGUI::WindowManager singleton created (053832A8)
05/06/2017 16:36:29 (Std) 	CEGUI::SchemeManager singleton created. (037DDD28)
05/06/2017 16:36:29 (Std) 	CEGUI::GlobalEventSet singleton created. (037AC920)
05/06/2017 16:36:29 (Std) 	CEGUI::AnimationManager singleton created (037F4BB8)
05/06/2017 16:36:29 (Std) 	CEGUI::WidgetLookManager singleton created. (052828E0)
05/06/2017 16:36:29 (Std) 	CEGUI::WindowRendererManager singleton created (05282CE0)
05/06/2017 16:36:29 (Std) 	CEGUI::RenderEffectManager singleton created (037AC9F8)
05/06/2017 16:36:29 (Std) 	Created WindowFactory for 'DefaultWindow' windows.
05/06/2017 16:36:29 (Std) 	WindowFactory for 'DefaultWindow' windows added. (0528AC18)
05/06/2017 16:36:29 (Std) 	Created WindowFactory for 'DragContainer' windows.
05/06/2017 16:36:29 (Std) 	WindowFactory for 'DragContainer' windows added. (0528ADA8)
05/06/2017 16:36:29 (Std) 	Created WindowFactory for 'ScrolledContainer' windows.
05/06/2017 16:36:29 (Std) 	WindowFactory for 'ScrolledContainer' windows added. (0528A2B8)
05/06/2017 16:36:29 (Std) 	Created WindowFactory for 'ClippedContainer' windows.
05/06/2017 16:36:29 (Std) 	WindowFactory for 'ClippedContainer' windows added. (0528AF38)
05/06/2017 16:36:29 (Std) 	Created WindowFactory for 'CEGUI/PushButton' windows.
05/06/2017 16:36:29 (Std) 	WindowFactory for 'CEGUI/PushButton' windows added. (0528A380)
05/06/2017 16:36:29 (Std) 	Created WindowFactory for 'CEGUI/RadioButton' windows.
05/06/2017 16:36:29 (Std) 	WindowFactory for 'CEGUI/RadioButton' windows added. (0528A448)
05/06/2017 16:36:29 (Std) 	Created WindowFactory for 'CEGUI/Combobox' windows.
05/06/2017 16:36:29 (Std) 	WindowFactory for 'CEGUI/Combobox' windows added. (0528A9C0)
05/06/2017 16:36:29 (Std) 	Created WindowFactory for 'CEGUI/ComboDropList' windows.
05/06/2017 16:36:29 (Std) 	WindowFactory for 'CEGUI/ComboDropList' windows added. (0528A510)
05/06/2017 16:36:29 (Std) 	Created WindowFactory for 'CEGUI/Editbox' windows.
05/06/2017 16:36:29 (Std) 	WindowFactory for 'CEGUI/Editbox' windows added. (0528A6A0)
05/06/2017 16:36:29 (Std) 	Created WindowFactory for 'CEGUI/FrameWindow' windows.
05/06/2017 16:36:29 (Std) 	WindowFactory for 'CEGUI/FrameWindow' windows added. (037B0240)
05/06/2017 16:36:29 (Std) 	Created WindowFactory for 'CEGUI/ItemEntry' windows.
05/06/2017 16:36:29 (Std) 	WindowFactory for 'CEGUI/ItemEntry' windows added. (037B07B8)
05/06/2017 16:36:29 (Std) 	Created WindowFactory for 'CEGUI/Listbox' windows.
05/06/2017 16:36:29 (Std) 	WindowFactory for 'CEGUI/Listbox' windows added. (037AFCC8)
05/06/2017 16:36:29 (Std) 	Created WindowFactory for 'CEGUI/ListHeader' windows.
05/06/2017 16:36:29 (Std) 	WindowFactory for 'CEGUI/ListHeader' windows added. (037AFC00)
05/06/2017 16:36:29 (Std) 	Created WindowFactory for 'CEGUI/ListHeaderSegment' windows.
05/06/2017 16:36:29 (Std) 	WindowFactory for 'CEGUI/ListHeaderSegment' windows added. (037AF750)
05/06/2017 16:36:29 (Std) 	Created WindowFactory for 'CEGUI/Menubar' windows.
05/06/2017 16:36:29 (Std) 	WindowFactory for 'CEGUI/Menubar' windows added. (037B0628)
05/06/2017 16:36:29 (Std) 	Created WindowFactory for 'CEGUI/PopupMenu' windows.
05/06/2017 16:36:29 (Std) 	WindowFactory for 'CEGUI/PopupMenu' windows added. (037B0308)
05/06/2017 16:36:29 (Std) 	Created WindowFactory for 'CEGUI/MenuItem' windows.
05/06/2017 16:36:29 (Std) 	WindowFactory for 'CEGUI/MenuItem' windows added. (037AFD90)
05/06/2017 16:36:29 (Std) 	Created WindowFactory for 'CEGUI/MultiColumnList' windows.
05/06/2017 16:36:29 (Std) 	WindowFactory for 'CEGUI/MultiColumnList' windows added. (037B0BA0)
05/06/2017 16:36:29 (Std) 	Created WindowFactory for 'CEGUI/MultiLineEditbox' windows.
05/06/2017 16:36:29 (Std) 	WindowFactory for 'CEGUI/MultiLineEditbox' windows added. (037AF9A8)
05/06/2017 16:36:29 (Std) 	Created WindowFactory for 'CEGUI/ProgressBar' windows.
05/06/2017 16:36:29 (Std) 	WindowFactory for 'CEGUI/ProgressBar' windows added. (037B0F88)
05/06/2017 16:36:29 (Std) 	Created WindowFactory for 'CEGUI/ScrollablePane' windows.
05/06/2017 16:36:29 (Std) 	WindowFactory for 'CEGUI/ScrollablePane' windows added. (037AF818)
05/06/2017 16:36:29 (Std) 	Created WindowFactory for 'CEGUI/Scrollbar' windows.
05/06/2017 16:36:29 (Std) 	WindowFactory for 'CEGUI/Scrollbar' windows added. (037B0880)
05/06/2017 16:36:29 (Std) 	Created WindowFactory for 'CEGUI/Slider' windows.
05/06/2017 16:36:29 (Std) 	WindowFactory for 'CEGUI/Slider' windows added. (037AFB38)
05/06/2017 16:36:29 (Std) 	Created WindowFactory for 'CEGUI/Spinner' windows.
05/06/2017 16:36:29 (Std) 	WindowFactory for 'CEGUI/Spinner' windows added. (037AFF20)
05/06/2017 16:36:29 (Std) 	Created WindowFactory for 'CEGUI/TabButton' windows.
05/06/2017 16:36:29 (Std) 	WindowFactory for 'CEGUI/TabButton' windows added. (037B0948)
05/06/2017 16:36:29 (Std) 	Created WindowFactory for 'CEGUI/TabControl' windows.
05/06/2017 16:36:29 (Std) 	WindowFactory for 'CEGUI/TabControl' windows added. (037B06F0)
05/06/2017 16:36:29 (Std) 	Created WindowFactory for 'CEGUI/Thumb' windows.
05/06/2017 16:36:29 (Std) 	WindowFactory for 'CEGUI/Thumb' windows added. (037B03D0)
05/06/2017 16:36:29 (Std) 	Created WindowFactory for 'CEGUI/Titlebar' windows.
05/06/2017 16:36:29 (Std) 	WindowFactory for 'CEGUI/Titlebar' windows added. (037AFE58)
05/06/2017 16:36:29 (Std) 	Created WindowFactory for 'CEGUI/ToggleButton' windows.
05/06/2017 16:36:29 (Std) 	WindowFactory for 'CEGUI/ToggleButton' windows added. (037B0560)
05/06/2017 16:36:29 (Std) 	Created WindowFactory for 'CEGUI/Tooltip' windows.
05/06/2017 16:36:29 (Std) 	WindowFactory for 'CEGUI/Tooltip' windows added. (037B0498)
05/06/2017 16:36:29 (Std) 	Created WindowFactory for 'CEGUI/ItemListbox' windows.
05/06/2017 16:36:29 (Std) 	WindowFactory for 'CEGUI/ItemListbox' windows added. (037AFFE8)
05/06/2017 16:36:29 (Std) 	Created WindowFactory for 'CEGUI/GroupBox' windows.
05/06/2017 16:36:29 (Std) 	WindowFactory for 'CEGUI/GroupBox' windows added. (037B00B0)
05/06/2017 16:36:29 (Std) 	Created WindowFactory for 'CEGUI/Tree' windows.
05/06/2017 16:36:29 (Std) 	WindowFactory for 'CEGUI/Tree' windows added. (037AF8E0)
05/06/2017 16:36:29 (Std) 	Created WindowFactory for 'LayoutCell' windows.
05/06/2017 16:36:29 (Std) 	WindowFactory for 'LayoutCell' windows added. (037B0A10)
05/06/2017 16:36:29 (Std) 	Created WindowFactory for 'HorizontalLayoutContainer' windows.
05/06/2017 16:36:29 (Std) 	WindowFactory for 'HorizontalLayoutContainer' windows added. (037B0178)
05/06/2017 16:36:29 (Std) 	Created WindowFactory for 'VerticalLayoutContainer' windows.
05/06/2017 16:36:29 (Std) 	WindowFactory for 'VerticalLayoutContainer' windows added. (037B0AD8)
05/06/2017 16:36:29 (Std) 	Created WindowFactory for 'GridLayoutContainer' windows.
05/06/2017 16:36:29 (Std) 	WindowFactory for 'GridLayoutContainer' windows added. (037B0C68)
05/06/2017 16:36:29 (Std) 	CEGUI::System singleton created. (052FE870)
05/06/2017 16:36:29 (Std) 	---- CEGUI System initialisation completed ----
05/06/2017 16:36:29 (Std) 	
05/06/2017 16:36:29 (Std) 	Started creation of Scheme from XML specification:
05/06/2017 16:36:29 (Std) 	---- CEGUI GUIScheme name: WindowsLookSkin
05/06/2017 16:36:29 (Std) 	[ImageManager] Started creation of Imageset from XML specification:
05/06/2017 16:36:29 (Std) 	[ImageManager] ---- CEGUI Imageset name: WindowsLook
05/06/2017 16:36:29 (Std) 	[ImageManager] ---- Source texture file: WindowsLook.png
05/06/2017 16:36:29 (Std) 	[ImageManager] ---- Source texture resource group: (Default)
05/06/2017 16:36:29 (Std) 	[OpenGLRenderer] Created texture: WindowsLook
05/06/2017 16:36:29 (Std) 	[ImageManager] Created image: 'WindowsLook/Background' (051BB1B8) of type: BasicImage
05/06/2017 16:36:29 (Std) 	[ImageManager] Created image: 'WindowsLook/WindowFrameLeft' (05D0BE80) of type: BasicImage
05/06/2017 16:36:29 (Std) 	[ImageManager] Created image: 'WindowsLook/WindowFrameRight' (05D16E60) of type: BasicImage
05/06/2017 16:36:29 (Std) 	[ImageManager] Created image: 'WindowsLook/WindowFrameTop' (05D05B50) of type: BasicImage
05/06/2017 16:36:29 (Std) 	[ImageManager] Created image: 'WindowsLook/WindowFrameBottom' (05D05D40) of type: BasicImage
05/06/2017 16:36:29 (Std) 	[ImageManager] Created image: 'WindowsLook/WindowFrameTopLeft' (05D05F30) of type: BasicImage
05/06/2017 16:36:29 (Std) 	[ImageManager] Created image: 'WindowsLook/WindowFrameTopRight' (05D06120) of type: BasicImage
05/06/2017 16:36:29 (Std) 	[ImageManager] Created image: 'WindowsLook/WindowFrameBottomLeft' (05CFDF98) of type: BasicImage
05/06/2017 16:36:29 (Std) 	[ImageManager] Created image: 'WindowsLook/WindowFrameBottomRight' (05CFE188) of type: BasicImage
05/06/2017 16:36:29 (Std) 	[ImageManager] Created image: 'WindowsLook/ButtonNormalLeft' (05CFE378) of type: BasicImage
05/06/2017 16:36:29 (Std) 	[ImageManager] Created image: 'WindowsLook/ButtonNormalRight' (05CFE568) of type: BasicImage
05/06/2017 16:36:29 (Std) 	[ImageManager] Created image: 'WindowsLook/ButtonNormalTop' (05CFE758) of type: BasicImage
05/06/2017 16:36:29 (Std) 	[ImageManager] Created image: 'WindowsLook/ButtonNormalBottom' (05CFE948) of type: BasicImage
05/06/2017 16:36:29 (Std) 	[ImageManager] Created image: 'WindowsLook/ButtonNormalTopLeft' (05D035B0) of type: BasicImage
05/06/2017 16:36:29 (Std) 	[ImageManager] Created image: 'WindowsLook/ButtonNormalTopRight' (05D036C8) of type: BasicImage
05/06/2017 16:36:29 (Std) 	[ImageManager] Created image: 'WindowsLook/ButtonNormalBottomLeft' (05D03A10) of type: BasicImage
05/06/2017 16:36:29 (Std) 	[ImageManager] Created image: 'WindowsLook/ButtonNormalBottomRight' (05D03498) of type: BasicImage
05/06/2017 16:36:29 (Std) 	[ImageManager] Created image: 'WindowsLook/ButtonPushedLeft' (05D037E0) of type: BasicImage
05/06/2017 16:36:29 (Std) 	[ImageManager] Created image: 'WindowsLook/ButtonPushedRight' (05D038F8) of type: BasicImage
05/06/2017 16:36:29 (Std) 	[ImageManager] Created image: 'WindowsLook/ButtonPushedTop' (05D03B28) of type: BasicImage
05/06/2017 16:36:29 (Std) 	[ImageManager] Created image: 'WindowsLook/ButtonPushedBottom' (05CFF390) of type: BasicImage
05/06/2017 16:36:29 (Std) 	[ImageManager] Created image: 'WindowsLook/ButtonPushedTopLeft' (05D003F8) of type: BasicImage
05/06/2017 16:36:29 (Std) 	[ImageManager] Created image: 'WindowsLook/ButtonPushedTopRight' (05CFF5C0) of type: BasicImage
05/06/2017 16:36:29 (Std) 	[ImageManager] Created image: 'WindowsLook/ButtonPushedBottomLeft' (05CFF160) of type: BasicImage
05/06/2017 16:36:29 (Std) 	[ImageManager] Created image: 'WindowsLook/ButtonPushedBottomRight' (05D00BA0) of type: BasicImage
05/06/2017 16:36:29 (Std) 	[ImageManager] Created image: 'WindowsLook/ButtonHoverLeft' (05CFF6D8) of type: BasicImage
05/06/2017 16:36:29 (Std) 	[ImageManager] Created image: 'WindowsLook/ButtonHoverRight' (05CFF048) of type: BasicImage
05/06/2017 16:36:29 (Std) 	[ImageManager] Created image: 'WindowsLook/ButtonHoverTop' (05CFF7F0) of type: BasicImage
05/06/2017 16:36:29 (Std) 	[ImageManager] Created image: 'WindowsLook/ButtonHoverBottom' (05CFEF30) of type: BasicImage
05/06/2017 16:36:29 (Std) 	[ImageManager] Created image: 'WindowsLook/ButtonHoverTopLeft' (05D00970) of type: BasicImage
05/06/2017 16:36:29 (Std) 	[ImageManager] Created image: 'WindowsLook/ButtonHoverTopRight' (05CFF908) of type: BasicImage
05/06/2017 16:36:29 (Std) 	[ImageManager] Created image: 'WindowsLook/ButtonHoverBottomLeft' (05CFF278) of type: BasicImage
05/06/2017 16:36:29 (Std) 	[ImageManager] Created image: 'WindowsLook/ButtonHoverBottomRight' (05D00510) of type: BasicImage
05/06/2017 16:36:29 (Std) 	[ImageManager] Created image: 'WindowsLook/EditFrameLeft' (05CFF4A8) of type: BasicImage
05/06/2017 16:36:29 (Std) 	[ImageManager] Created image: 'WindowsLook/EditFrameRight' (05CFFA20) of type: BasicImage
05/06/2017 16:36:29 (Std) 	[ImageManager] Created image: 'WindowsLook/EditFrameTop' (05D00628) of type: BasicImage
05/06/2017 16:36:29 (Std) 	[ImageManager] Created image: 'WindowsLook/EditFrameBottom' (05D00DD0) of type: BasicImage
05/06/2017 16:36:29 (Std) 	[ImageManager] Created image: 'WindowsLook/EditFrameTopLeft' (05D002E0) of type: BasicImage
05/06/2017 16:36:29 (Std) 	[ImageManager] Created image: 'WindowsLook/EditFrameTopRight' (05CFFF98) of type: BasicImage
05/06/2017 16:36:29 (Std) 	[ImageManager] Created image: 'WindowsLook/EditFrameBottomLeft' (05D00CB8) of type: BasicImage
05/06/2017 16:36:29 (Std) 	[ImageManager] Created image: 'WindowsLook/EditFrameBottomRight' (05CFFB38) of type: BasicImage
05/06/2017 16:36:29 (Std) 	[ImageManager] Created image: 'WindowsLook/StaticFrameLeft' (05D00740) of type: BasicImage
05/06/2017 16:36:29 (Std) 	[ImageManager] Created image: 'WindowsLook/StaticFrameRight' (05CFFC50) of type: BasicImage
05/06/2017 16:36:29 (Std) 	[ImageManager] Created image: 'WindowsLook/StaticFrameTop' (05CFFD68) of type: BasicImage
05/06/2017 16:36:29 (Std) 	[ImageManager] Created image: 'WindowsLook/StaticFrameBottom' (05CFFE80) of type: BasicImage
05/06/2017 16:36:29 (Std) 	[ImageManager] Created image: 'WindowsLook/StaticFrameTopLeft' (05D00858) of type: BasicImage
05/06/2017 16:36:29 (Std) 	[ImageManager] Created image: 'WindowsLook/StaticFrameTopRight' (05D000B0) of type: BasicImage
05/06/2017 16:36:29 (Std) 	[ImageManager] Created image: 'WindowsLook/StaticFrameBottomLeft' (05D00A88) of type: BasicImage
05/06/2017 16:36:29 (Std) 	[ImageManager] Created image: 'WindowsLook/StaticFrameBottomRight' (05D001C8) of type: BasicImage
05/06/2017 16:36:29 (Std) 	[ImageManager] Created image: 'WindowsLook/CloseButtonNormal' (037CBAD8) of type: BasicImage
05/06/2017 16:36:29 (Std) 	[ImageManager] Created image: 'WindowsLook/CloseButtonHover' (037CCA28) of type: BasicImage
05/06/2017 16:36:29 (Std) 	[ImageManager] Created image: 'WindowsLook/CloseButtonPushed' (037CCE88) of type: BasicImage
05/06/2017 16:36:29 (Std) 	[ImageManager] Created image: 'WindowsLook/TitlebarTopLeft' (037CBBF0) of type: BasicImage
05/06/2017 16:36:29 (Std) 	[ImageManager] Created image: 'WindowsLook/TitlebarTopRight' (037CBD08) of type: BasicImage
05/06/2017 16:36:29 (Std) 	[ImageManager] Created image: 'WindowsLook/TitlebarBottomLeft' (037CBE20) of type: BasicImage
05/06/2017 16:36:29 (Std) 	[ImageManager] Created image: 'WindowsLook/TitlebarBottomRight' (037CC5C8) of type: BasicImage
05/06/2017 16:36:29 (Std) 	[ImageManager] Created image: 'WindowsLook/TitlebarLeft' (037CC910) of type: BasicImage
05/06/2017 16:36:29 (Std) 	[ImageManager] Created image: 'WindowsLook/TitlebarRight' (037CD630) of type: BasicImage
05/06/2017 16:36:29 (Std) 	[ImageManager] Created image: 'WindowsLook/TitlebarTop' (037CB790) of type: BasicImage
05/06/2017 16:36:29 (Std) 	[ImageManager] Created image: 'WindowsLook/TitlebarBottom' (037CC6E0) of type: BasicImage
05/06/2017 16:36:29 (Std) 	[ImageManager] Created image: 'WindowsLook/TitlebarFill' (037CC7F8) of type: BasicImage
05/06/2017 16:36:29 (Std) 	[ImageManager] Created image: 'WindowsLook/CheckboxNormal' (037CCB40) of type: BasicImage
05/06/2017 16:36:29 (Std) 	[ImageManager] Created image: 'WindowsLook/CheckboxHover' (037CBF38) of type: BasicImage
05/06/2017 16:36:29 (Std) 	[ImageManager] Created image: 'WindowsLook/CheckboxMark' (037CCFA0) of type: BasicImage
05/06/2017 16:36:29 (Std) 	[ImageManager] Created image: 'WindowsLook/RadioButtonNormal' (037CD518) of type: BasicImage
05/06/2017 16:36:29 (Std) 	[ImageManager] Created image: 'WindowsLook/RadioButtonHover' (037CD0B8) of type: BasicImage
05/06/2017 16:36:29 (Std) 	[ImageManager] Created image: 'WindowsLook/RadioButtonMark' (037CCC58) of type: BasicImage
05/06/2017 16:36:29 (Std) 	[ImageManager] Created image: 'WindowsLook/SliderThumbNormal' (037CC280) of type: BasicImage
05/06/2017 16:36:29 (Std) 	[ImageManager] Created image: 'WindowsLook/SliderThumbHover' (037CCD70) of type: BasicImage
05/06/2017 16:36:29 (Std) 	[ImageManager] Created image: 'WindowsLook/SliderTrackLeft' (037CC050) of type: BasicImage
05/06/2017 16:36:29 (Std) 	[ImageManager] Created image: 'WindowsLook/SlidertrackMiddle' (037CC168) of type: BasicImage
05/06/2017 16:36:29 (Std) 	[ImageManager] Created image: 'WindowsLook/SliderTrackRight' (037CC4B0) of type: BasicImage
05/06/2017 16:36:29 (Std) 	[ImageManager] Created image: 'WindowsLook/SliderTick' (037CB8A8) of type: BasicImage
05/06/2017 16:36:29 (Std) 	[ImageManager] Created image: 'WindowsLook/HeaderMainBrush' (037CB9C0) of type: BasicImage
05/06/2017 16:36:29 (Std) 	[ImageManager] Created image: 'WindowsLook/HeaderBottomEdge' (037CD1D0) of type: BasicImage
05/06/2017 16:36:29 (Std) 	[ImageManager] Created image: 'WindowsLook/HeaderSplitter' (037CD2E8) of type: BasicImage
05/06/2017 16:36:29 (Std) 	[ImageManager] Created image: 'WindowsLook/VertScrollbarGrip' (037CC398) of type: BasicImage
05/06/2017 16:36:29 (Std) 	[ImageManager] Created image: 'WindowsLook/HorzScrollbarGrip' (037CD400) of type: BasicImage
05/06/2017 16:36:29 (Std) 	[ImageManager] Created image: 'WindowsLook/LargeLeftArrow' (05D0E4C8) of type: BasicImage
05/06/2017 16:36:29 (Std) 	[ImageManager] Created image: 'WindowsLook/LargeRightArrow' (05D0E3B0) of type: BasicImage
05/06/2017 16:36:29 (Std) 	[ImageManager] Created image: 'WindowsLook/LargeUpArrow' (05D0E298) of type: BasicImage
05/06/2017 16:36:29 (Std) 	[ImageManager] Created image: 'WindowsLook/LargeDownArrow' (05D0E180) of type: BasicImage
05/06/2017 16:36:29 (Std) 	[ImageManager] Created image: 'WindowsLook/SmallLeftArrow' (05D0E6F8) of type: BasicImage
05/06/2017 16:36:29 (Std) 	[ImageManager] Created image: 'WindowsLook/SmallRightArrow' (05D0DE38) of type: BasicImage
05/06/2017 16:36:29 (Std) 	[ImageManager] Created image: 'WindowsLook/SmallUpArrow' (05D0E5E0) of type: BasicImage
05/06/2017 16:36:29 (Std) 	[ImageManager] Created image: 'WindowsLook/SmallDownArrow' (05D0E810) of type: BasicImage
05/06/2017 16:36:29 (Std) 	[ImageManager] Created image: 'WindowsLook/EditBoxCaret' (05D0E928) of type: BasicImage
05/06/2017 16:36:29 (Std) 	[ImageManager] Created image: 'WindowsLook/MouseArrow' (05D0DD20) of type: BasicImage
05/06/2017 16:36:29 (Std) 	[ImageManager] Created image: 'WindowsLook/MouseMoveCursor' (05D0DF50) of type: BasicImage
05/06/2017 16:36:29 (Std) 	[ImageManager] Created image: 'WindowsLook/MouseNoSoCursor' (05D0EA40) of type: BasicImage
05/06/2017 16:36:29 (Std) 	[ImageManager] Created image: 'WindowsLook/MouseEsWeCursor' (05D0DC08) of type: BasicImage
05/06/2017 16:36:29 (Std) 	[ImageManager] Created image: 'WindowsLook/MouseNeSwCursor' (05D0E068) of type: BasicImage
05/06/2017 16:36:29 (Std) 	[ImageManager] Created image: 'WindowsLook/MouseNwSeCursor' (037D1ED8) of type: BasicImage
05/06/2017 16:36:29 (Std) 	[ImageManager] Created image: 'WindowsLook/MouseTextBar' (037D2450) of type: BasicImage
05/06/2017 16:36:29 (Std) 	[ImageManager] Created image: 'WindowsLook/TabHorizontalTopFiller' (037D0E70) of type: BasicImage
05/06/2017 16:36:29 (Std) 	[ImageManager] Created image: 'WindowsLook/TabHorizontalBottomFiller' (037D2680) of type: BasicImage
05/06/2017 16:36:29 (Std) 	[ImageManager] Created image: 'WindowsLook/TabContentPaneUpperLeft' (037D0D58) of type: BasicImage
05/06/2017 16:36:29 (Std) 	[ImageManager] Created image: 'WindowsLook/TabContentPaneTop' (037D2BF8) of type: BasicImage
05/06/2017 16:36:29 (Std) 	[ImageManager] Created image: 'WindowsLook/TabContentPaneUpperRight' (037D10A0) of type: BasicImage
05/06/2017 16:36:29 (Std) 	[ImageManager] Created image: 'WindowsLook/TabContentPaneLeft' (037D0F88) of type: BasicImage
05/06/2017 16:36:29 (Std) 	[ImageManager] Created image: 'WindowsLook/TabContentPaneMiddle' (037D2798) of type: BasicImage
05/06/2017 16:36:29 (Std) 	[ImageManager] Created image: 'WindowsLook/TabContentPaneRight' (037D11B8) of type: BasicImage
05/06/2017 16:36:29 (Std) 	[ImageManager] Created image: 'WindowsLook/TabContentPaneLower' (037D2568) of type: BasicImage
05/06/2017 16:36:29 (Std) 	[ImageManager] Created image: 'WindowsLook/TabContentPaneLowerLeft' (037D1500) of type: BasicImage
05/06/2017 16:36:29 (Std) 	[ImageManager] Created image: 'WindowsLook/TabContentPaneLowerRight' (037D29C8) of type: BasicImage
05/06/2017 16:36:29 (Std) 	[ImageManager] Created image: 'WindowsLook/TabButtonUpperLeftNormal' (037D12D0) of type: BasicImage
05/06/2017 16:36:29 (Std) 	[ImageManager] Created image: 'WindowsLook/TabButtonUpperNormal' (037D2338) of type: BasicImage
05/06/2017 16:36:29 (Std) 	[ImageManager] Created image: 'WindowsLook/TabButtonUpperRightNormal' (037D1A78) of type: BasicImage
05/06/2017 16:36:29 (Std) 	[ImageManager] Created image: 'WindowsLook/TabButtonLeftNormal' (037D13E8) of type: BasicImage
05/06/2017 16:36:29 (Std) 	[ImageManager] Created image: 'WindowsLook/TabButtonMiddleNormal' (037D2108) of type: BasicImage
05/06/2017 16:36:29 (Std) 	[ImageManager] Created image: 'WindowsLook/TabButtonRightNormal' (037D2220) of type: BasicImage
05/06/2017 16:36:29 (Std) 	[ImageManager] Created image: 'WindowsLook/TabButtonLowerLeftNormal' (037D28B0) of type: BasicImage
05/06/2017 16:36:29 (Std) 	[ImageManager] Created image: 'WindowsLook/TabButtonLowerNormal' (037D1B90) of type: BasicImage
05/06/2017 16:36:29 (Std) 	[ImageManager] Created image: 'WindowsLook/TabButtonLowerRightNormal' (037D1CA8) of type: BasicImage
05/06/2017 16:36:29 (Std) 	[ImageManager] Created image: 'WindowsLook/TabButtonUpperLeftSelected' (037D1618) of type: BasicImage
05/06/2017 16:36:29 (Std) 	[ImageManager] Created image: 'WindowsLook/TabButtonUpperSelected' (037D2AE0) of type: BasicImage
05/06/2017 16:36:29 (Std) 	[ImageManager] Created image: 'WindowsLook/TabButtonUpperRightSelected' (037D1730) of type: BasicImage
05/06/2017 16:36:29 (Std) 	[ImageManager] Created image: 'WindowsLook/TabButtonLeftSelected' (037D1960) of type: BasicImage
05/06/2017 16:36:29 (Std) 	[ImageManager] Created image: 'WindowsLook/TabButtonMiddleSelected' (037D1848) of type: BasicImage
05/06/2017 16:36:29 (Std) 	[ImageManager] Created image: 'WindowsLook/TabButtonRightSelected' (037D1DC0) of type: BasicImage
05/06/2017 16:36:29 (Std) 	[ImageManager] Created image: 'WindowsLook/TabButtonLowerLeftSelected' (037D1FF0) of type: BasicImage
05/06/2017 16:36:29 (Std) 	[ImageManager] Created image: 'WindowsLook/TabButtonLowerSelected' (0371E888) of type: BasicImage
05/06/2017 16:36:29 (Std) 	[ImageManager] Created image: 'WindowsLook/TabButtonLowerRightSelected' (0371F6C0) of type: BasicImage
05/06/2017 16:36:29 (Std) 	[ImageManager] Created image: 'WindowsLook/TabButtonScrollLeftNormal' (0371F260) of type: BasicImage
05/06/2017 16:36:29 (Std) 	[ImageManager] Created image: 'WindowsLook/TabButtonScrollRightNormal' (0371FB20) of type: BasicImage
05/06/2017 16:36:29 (Std) 	[ImageManager] Created image: 'WindowsLook/TabButtonScrollLeftHover' (0371E310) of type: BasicImage
05/06/2017 16:36:29 (Std) 	[ImageManager] Created image: 'WindowsLook/TabButtonScrollRightHover' (0371F7D8) of type: BasicImage
05/06/2017 16:36:29 (Std) 	[ImageManager] Created image: 'WindowsLook/TooltipTopLeft' (0371E1F8) of type: BasicImage
05/06/2017 16:36:29 (Std) 	[ImageManager] Created image: 'WindowsLook/TooltipTopRight' (0371F148) of type: BasicImage
05/06/2017 16:36:29 (Std) 	[ImageManager] Created image: 'WindowsLook/TooltipBottomLeft' (0371E428) of type: BasicImage
05/06/2017 16:36:29 (Std) 	[ImageManager] Created image: 'WindowsLook/TooltipBottomRight' (0371E9A0) of type: BasicImage
05/06/2017 16:36:29 (Std) 	[ImageManager] Created image: 'WindowsLook/TooltipLeftEdge' (0371FF80) of type: BasicImage
05/06/2017 16:36:29 (Std) 	[ImageManager] Created image: 'WindowsLook/TooltipRightEdge' (0371FE68) of type: BasicImage
05/06/2017 16:36:29 (Std) 	[ImageManager] Created image: 'WindowsLook/TooltipTopEdge' (0371E540) of type: BasicImage
05/06/2017 16:36:29 (Std) 	[ImageManager] Created image: 'WindowsLook/TooltipBottomEdge' (0371EAB8) of type: BasicImage
05/06/2017 16:36:29 (Std) 	[ImageManager] Created image: 'WindowsLook/TooltipMiddle' (0371E658) of type: BasicImage
05/06/2017 16:36:29 (Std) 	[ImageManager] Created image: 'WindowsLook/MenuTopLeft' (0371EBD0) of type: BasicImage
05/06/2017 16:36:29 (Std) 	[ImageManager] Created image: 'WindowsLook/MenuTopRight' (0371ECE8) of type: BasicImage
05/06/2017 16:36:29 (Std) 	[ImageManager] Created image: 'WindowsLook/MenuBottomLeft' (0371E770) of type: BasicImage
05/06/2017 16:36:29 (Std) 	[ImageManager] Created image: 'WindowsLook/MenuBottomRight' (0371EE00) of type: BasicImage
05/06/2017 16:36:29 (Std) 	[ImageManager] Created image: 'WindowsLook/MenuLeft' (0371EF18) of type: BasicImage
05/06/2017 16:36:29 (Std) 	[ImageManager] Created image: 'WindowsLook/MenuRight' (0371E0E0) of type: BasicImage
05/06/2017 16:36:29 (Std) 	[ImageManager] Created image: 'WindowsLook/MenuTop' (0371F030) of type: BasicImage
05/06/2017 16:36:29 (Std) 	[ImageManager] Created image: 'WindowsLook/MenuBottom' (0371F378) of type: BasicImage
05/06/2017 16:36:29 (Std) 	[ImageManager] Created image: 'WindowsLook/PopupMenuFrameTopLeft' (0371F8F0) of type: BasicImage
05/06/2017 16:36:29 (Std) 	[ImageManager] Created image: 'WindowsLook/PopupMenuFrameTopRight' (0371F490) of type: BasicImage
05/06/2017 16:36:29 (Std) 	[ImageManager] Created image: 'WindowsLook/PopupMenuFrameBottomLeft' (0371F5A8) of type: BasicImage
05/06/2017 16:36:29 (Std) 	[ImageManager] Created image: 'WindowsLook/PopupMenuFrameBottomRight' (0371FC38) of type: BasicImage
05/06/2017 16:36:29 (Std) 	[ImageManager] Created image: 'WindowsLook/PopupMenuFrameLeft' (0371FD50) of type: BasicImage
05/06/2017 16:36:29 (Std) 	[ImageManager] Created image: 'WindowsLook/PopupMenuFrameRight' (0371FA08) of type: BasicImage
05/06/2017 16:36:29 (Std) 	[ImageManager] Created image: 'WindowsLook/PopupMenuFrameTop' (03718A98) of type: BasicImage
05/06/2017 16:36:29 (Std) 	[ImageManager] Created image: 'WindowsLook/PopupMenuFrameBottom' (037182F0) of type: BasicImage
05/06/2017 16:36:29 (Std) 	[ImageManager] Created image: 'WindowsLook/PopupMenuArrowRight' (03718408) of type: BasicImage
05/06/2017 16:36:29 (Std) 	[ImageManager] Created image: 'WindowsLook/PopupMenuArrowLeft' (03718BB0) of type: BasicImage
05/06/2017 16:36:29 (Std) 	[ImageManager] Created image: 'WindowsLook/MultiListSelectionBrush' (03718DE0) of type: BasicImage
05/06/2017 16:36:29 (Std) 	===== Falagard 'root' element: look and feel parsing begins =====
05/06/2017 16:36:29 (Std) 	===== Look and feel parsing completed =====
05/06/2017 16:36:29 (Std) 	No window renderer factories specified for module 'CEGUIExtend' - adding all available factories...
05/06/2017 16:36:29 (Std) 	Created WindowRendererFactory for 'Core/Button' WindowRenderers.
05/06/2017 16:36:29 (Std) 	WindowRendererFactory 'Core/Button' added. (05FBC1E8)
05/06/2017 16:36:29 (Std) 	Created WindowRendererFactory for 'Core/Default' WindowRenderers.
05/06/2017 16:36:29 (Std) 	WindowRendererFactory 'Core/Default' added. (05FBCFF8)
05/06/2017 16:36:29 (Std) 	Created WindowRendererFactory for 'Core/Editbox' WindowRenderers.
05/06/2017 16:36:29 (Std) 	WindowRendererFactory 'Core/Editbox' added. (05FBC378)
05/06/2017 16:36:29 (Std) 	Created WindowRendererFactory for 'Core/FrameWindow' WindowRenderers.
05/06/2017 16:36:29 (Std) 	WindowRendererFactory 'Core/FrameWindow' added. (05FBCC10)
05/06/2017 16:36:29 (Std) 	Created WindowRendererFactory for 'Core/ItemEntry' WindowRenderers.
05/06/2017 16:36:29 (Std) 	WindowRendererFactory 'Core/ItemEntry' added. (05FBD188)
05/06/2017 16:36:29 (Std) 	Created WindowRendererFactory for 'Core/ListHeader' WindowRenderers.
05/06/2017 16:36:29 (Std) 	WindowRendererFactory 'Core/ListHeader' added. (05FBC120)
05/06/2017 16:36:29 (Std) 	Created WindowRendererFactory for 'Core/ListHeaderSegment' WindowRenderers.
05/06/2017 16:36:29 (Std) 	WindowRendererFactory 'Core/ListHeaderSegment' added. (05FBD0C0)
05/06/2017 16:36:29 (Std) 	Created WindowRendererFactory for 'Core/Listbox' WindowRenderers.
05/06/2017 16:36:29 (Std) 	WindowRendererFactory 'Core/Listbox' added. (05FBC5D0)
05/06/2017 16:36:29 (Std) 	Created WindowRendererFactory for 'Core/Menubar' WindowRenderers.
05/06/2017 16:36:29 (Std) 	WindowRendererFactory 'Core/Menubar' added. (05FBC698)
05/06/2017 16:36:29 (Std) 	Created WindowRendererFactory for 'Core/MenuItem' WindowRenderers.
05/06/2017 16:36:29 (Std) 	WindowRendererFactory 'Core/MenuItem' added. (05FBD318)
05/06/2017 16:36:29 (Std) 	Created WindowRendererFactory for 'Core/MultiColumnList' WindowRenderers.
05/06/2017 16:36:29 (Std) 	WindowRendererFactory 'Core/MultiColumnList' added. (05FBD4A8)
05/06/2017 16:36:29 (Std) 	Created WindowRendererFactory for 'Core/MultiLineEditbox' WindowRenderers.
05/06/2017 16:36:29 (Std) 	WindowRendererFactory 'Core/MultiLineEditbox' added. (05FBC8F0)
05/06/2017 16:36:29 (Std) 	Created WindowRendererFactory for 'Core/PopupMenu' WindowRenderers.
05/06/2017 16:36:29 (Std) 	WindowRendererFactory 'Core/PopupMenu' added. (05FBCA80)
05/06/2017 16:36:29 (Std) 	Created WindowRendererFactory for 'Core/ProgressBar' WindowRenderers.
05/06/2017 16:36:29 (Std) 	WindowRendererFactory 'Core/ProgressBar' added. (05FBD570)
05/06/2017 16:36:29 (Std) 	Created WindowRendererFactory for 'Core/ScrollablePane' WindowRenderers.
05/06/2017 16:36:29 (Std) 	WindowRendererFactory 'Core/ScrollablePane' added. (05FBC058)
05/06/2017 16:36:29 (Std) 	Created WindowRendererFactory for 'Core/Scrollbar' WindowRenderers.
05/06/2017 16:36:29 (Std) 	WindowRendererFactory 'Core/Scrollbar' added. (05FBCB48)
05/06/2017 16:36:29 (Std) 	Created WindowRendererFactory for 'Core/Slider' WindowRenderers.
05/06/2017 16:36:29 (Std) 	WindowRendererFactory 'Core/Slider' added. (05FBCCD8)
05/06/2017 16:36:29 (Std) 	Created WindowRendererFactory for 'Core/Static' WindowRenderers.
05/06/2017 16:36:29 (Std) 	WindowRendererFactory 'Core/Static' added. (05FBCDA0)
05/06/2017 16:36:29 (Std) 	Created WindowRendererFactory for 'Core/StaticImage' WindowRenderers.
05/06/2017 16:36:29 (Std) 	WindowRendererFactory 'Core/StaticImage' added. (05FBBF90)
05/06/2017 16:36:29 (Std) 	Created WindowRendererFactory for 'Core/StaticText' WindowRenderers.
05/06/2017 16:36:29 (Std) 	WindowRendererFactory 'Core/StaticText' added. (05FBD638)
05/06/2017 16:36:29 (Std) 	Created WindowRendererFactory for 'Core/TabButton' WindowRenderers.
05/06/2017 16:36:29 (Std) 	WindowRendererFactory 'Core/TabButton' added. (05FBD250)
05/06/2017 16:36:29 (Std) 	Created WindowRendererFactory for 'Core/TabControl' WindowRenderers.
05/06/2017 16:36:29 (Std) 	WindowRendererFactory 'Core/TabControl' added. (05FBD700)
05/06/2017 16:36:29 (Std) 	Created WindowRendererFactory for 'Core/Titlebar' WindowRenderers.
05/06/2017 16:36:29 (Std) 	WindowRendererFactory 'Core/Titlebar' added. (05FBDD40)
05/06/2017 16:36:29 (Std) 	Created WindowRendererFactory for 'Core/ToggleButton' WindowRenderers.
05/06/2017 16:36:29 (Std) 	WindowRendererFactory 'Core/ToggleButton' added. (05FBD890)
05/06/2017 16:36:29 (Std) 	Created WindowRendererFactory for 'Core/Tooltip' WindowRenderers.
05/06/2017 16:36:29 (Std) 	WindowRendererFactory 'Core/Tooltip' added. (05FBDC78)
05/06/2017 16:36:29 (Std) 	Created WindowRendererFactory for 'Core/ItemListbox' WindowRenderers.
05/06/2017 16:36:29 (Std) 	WindowRendererFactory 'Core/ItemListbox' added. (05FBD958)
05/06/2017 16:36:29 (Std) 	Created WindowRendererFactory for 'Core/Tree' WindowRenderers.
05/06/2017 16:36:29 (Std) 	WindowRendererFactory 'Core/Tree' added. (05FBDA20)
05/06/2017 16:36:29 (Std) 	Creating falagard mapping for type 'WindowsLook/Label' using base type 'DefaultWindow', window renderer 'Core/Default' Look'N'Feel 'WindowsLook/Label' and RenderEffect ''. (00E5C648)
05/06/2017 16:36:29 (Std) 	Creating falagard mapping for type 'WindowsLook/Button' using base type 'CEGUI/PushButton', window renderer 'Core/Button' Look'N'Feel 'WindowsLook/Button' and RenderEffect ''. (00E5C648)
05/06/2017 16:36:29 (Std) 	Creating falagard mapping for type 'WindowsLook/Checkbox' using base type 'CEGUI/ToggleButton', window renderer 'Core/ToggleButton' Look'N'Feel 'WindowsLook/Checkbox' and RenderEffect ''. (00E5C648)
05/06/2017 16:36:29 (Std) 	Creating falagard mapping for type 'WindowsLook/IconButton' using base type 'CEGUI/PushButton', window renderer 'Core/Button' Look'N'Feel 'WindowsLook/IconButton' and RenderEffect ''. (00E5C648)
05/06/2017 16:36:29 (Std) 	Creating falagard mapping for type 'WindowsLook/RadioButton' using base type 'CEGUI/RadioButton', window renderer 'Core/ToggleButton' Look'N'Feel 'WindowsLook/RadioButton' and RenderEffect ''. (00E5C648)
05/06/2017 16:36:29 (Std) 	Creating falagard mapping for type 'WindowsLook/FrameWindow' using base type 'CEGUI/FrameWindow', window renderer 'Core/FrameWindow' Look'N'Feel 'WindowsLook/FrameWindow' and RenderEffect ''. (00E5C648)
05/06/2017 16:36:29 (Std) 	Creating falagard mapping for type 'WindowsLook/Titlebar' using base type 'CEGUI/Titlebar', window renderer 'Core/Titlebar' Look'N'Feel 'WindowsLook/Titlebar' and RenderEffect ''. (00E5C648)
05/06/2017 16:36:29 (Std) 	Creating falagard mapping for type 'WindowsLook/SystemButton' using base type 'CEGUI/PushButton', window renderer 'Core/Button' Look'N'Feel 'WindowsLook/SystemButton' and RenderEffect ''. (00E5C648)
05/06/2017 16:36:29 (Std) 	Creating falagard mapping for type 'WindowsLook/Editbox' using base type 'CEGUI/Editbox', window renderer 'Core/Editbox' Look'N'Feel 'WindowsLook/Editbox' and RenderEffect ''. (00E5C648)
05/06/2017 16:36:29 (Std) 	Creating falagard mapping for type 'WindowsLook/MultiLineEditbox' using base type 'CEGUI/MultiLineEditbox', window renderer 'Core/MultiLineEditbox' Look'N'Feel 'WindowsLook/MultiLineEditbox' and RenderEffect ''. (00E5C648)
05/06/2017 16:36:29 (Std) 	Creating falagard mapping for type 'WindowsLook/Menubar' using base type 'CEGUI/Menubar', window renderer 'Core/Menubar' Look'N'Feel 'WindowsLook/Menubar' and RenderEffect ''. (00E5C648)
05/06/2017 16:36:29 (Std) 	Creating falagard mapping for type 'WindowsLook/PopupMenu' using base type 'CEGUI/PopupMenu', window renderer 'Core/PopupMenu' Look'N'Feel 'WindowsLook/PopupMenu' and RenderEffect ''. (00E5C648)
05/06/2017 16:36:29 (Std) 	Creating falagard mapping for type 'WindowsLook/MenuItem' using base type 'CEGUI/MenuItem', window renderer 'Core/MenuItem' Look'N'Feel 'WindowsLook/MenuItem' and RenderEffect ''. (00E5C648)
05/06/2017 16:36:29 (Std) 	Creating falagard mapping for type 'WindowsLook/ProgressBar' using base type 'CEGUI/ProgressBar', window renderer 'Core/ProgressBar' Look'N'Feel 'WindowsLook/ProgressBar' and RenderEffect ''. (00E5C648)
05/06/2017 16:36:29 (Std) 	Creating falagard mapping for type 'WindowsLook/VerticalScrollbar' using base type 'CEGUI/Scrollbar', window renderer 'Core/Scrollbar' Look'N'Feel 'WindowsLook/VerticalScrollbar' and RenderEffect ''. (00E5C648)
05/06/2017 16:36:29 (Std) 	Creating falagard mapping for type 'WindowsLook/HorizontalScrollbar' using base type 'CEGUI/Scrollbar', window renderer 'Core/Scrollbar' Look'N'Feel 'WindowsLook/HorizontalScrollbar' and RenderEffect ''. (00E5C648)
05/06/2017 16:36:29 (Std) 	Creating falagard mapping for type 'WindowsLook/VerticalScrollbarThumb' using base type 'CEGUI/Thumb', window renderer 'Core/Button' Look'N'Feel 'WindowsLook/VerticalScrollbarThumb' and RenderEffect ''. (00E5C648)
05/06/2017 16:36:29 (Std) 	Creating falagard mapping for type 'WindowsLook/HorizontalScrollbarThumb' using base type 'CEGUI/Thumb', window renderer 'Core/Button' Look'N'Feel 'WindowsLook/HorizontalScrollbarThumb' and RenderEffect ''. (00E5C648)
05/06/2017 16:36:29 (Std) 	Creating falagard mapping for type 'WindowsLook/TabButton' using base type 'CEGUI/TabButton', window renderer 'Core/TabButton' Look'N'Feel 'WindowsLook/TabButton' and RenderEffect ''. (00E5C648)
05/06/2017 16:36:29 (Std) 	Creating falagard mapping for type 'WindowsLook/TabControl' using base type 'CEGUI/TabControl', window renderer 'Core/TabControl' Look'N'Feel 'WindowsLook/TabControl' and RenderEffect ''. (00E5C648)
05/06/2017 16:36:29 (Std) 	Creating falagard mapping for type 'WindowsLook/TabContentPane' using base type 'DefaultWindow', window renderer 'Core/Default' Look'N'Feel 'WindowsLook/TabContentPane' and RenderEffect ''. (00E5C648)
05/06/2017 16:36:29 (Std) 	Creating falagard mapping for type 'WindowsLook/TabButtonPane' using base type 'DefaultWindow', window renderer 'Core/Default' Look'N'Feel 'WindowsLook/TabButtonPane' and RenderEffect ''. (00E5C648)
05/06/2017 16:36:29 (Std) 	Creating falagard mapping for type 'WindowsLook/ComboDropList' using base type 'CEGUI/ComboDropList', window renderer 'Core/Listbox' Look'N'Feel 'WindowsLook/ComboDropList' and RenderEffect ''. (00E5C648)
05/06/2017 16:36:29 (Std) 	Creating falagard mapping for type 'WindowsLook/Combobox' using base type 'CEGUI/Combobox', window renderer 'Core/Default' Look'N'Feel 'WindowsLook/Combobox' and RenderEffect ''. (00E5C648)
05/06/2017 16:36:29 (Std) 	Creating falagard mapping for type 'WindowsLook/Listbox' using base type 'CEGUI/Listbox', window renderer 'Core/Listbox' Look'N'Feel 'WindowsLook/Listbox' and RenderEffect ''. (00E5C648)
05/06/2017 16:36:29 (Std) 	Creating falagard mapping for type 'WindowsLook/ListHeader' using base type 'CEGUI/ListHeader', window renderer 'Core/ListHeader' Look'N'Feel 'WindowsLook/ListHeader' and RenderEffect ''. (00E5C648)
05/06/2017 16:36:29 (Std) 	Creating falagard mapping for type 'WindowsLook/ListHeaderSegment' using base type 'CEGUI/ListHeaderSegment', window renderer 'Core/ListHeaderSegment' Look'N'Feel 'WindowsLook/ListHeaderSegment' and RenderEffect ''. (00E5C648)
05/06/2017 16:36:29 (Std) 	Creating falagard mapping for type 'WindowsLook/MultiColumnList' using base type 'CEGUI/MultiColumnList', window renderer 'Core/MultiColumnList' Look'N'Feel 'WindowsLook/MultiColumnList' and RenderEffect ''. (00E5C648)
05/06/2017 16:36:29 (Std) 	Creating falagard mapping for type 'WindowsLook/Slider' using base type 'CEGUI/Slider', window renderer 'Core/Slider' Look'N'Feel 'WindowsLook/Slider' and RenderEffect ''. (00E5C648)
05/06/2017 16:36:29 (Std) 	Creating falagard mapping for type 'WindowsLook/SliderThumb' using base type 'CEGUI/Thumb', window renderer 'Core/Button' Look'N'Feel 'WindowsLook/SliderThumb' and RenderEffect ''. (00E5C648)
05/06/2017 16:36:29 (Std) 	Creating falagard mapping for type 'WindowsLook/ScrollablePane' using base type 'CEGUI/ScrollablePane', window renderer 'Core/ScrollablePane' Look'N'Feel 'WindowsLook/ScrollablePane' and RenderEffect ''. (00E5C648)
05/06/2017 16:36:29 (Std) 	Creating falagard mapping for type 'WindowsLook/Spinner' using base type 'CEGUI/Spinner', window renderer 'Core/Default' Look'N'Feel 'WindowsLook/Spinner' and RenderEffect ''. (00E5C648)
05/06/2017 16:36:29 (Std) 	Creating falagard mapping for type 'WindowsLook/Tooltip' using base type 'CEGUI/Tooltip', window renderer 'Core/Tooltip' Look'N'Feel 'WindowsLook/Tooltip' and RenderEffect ''. (00E5C648)
05/06/2017 16:36:29 (Std) 	Creating falagard mapping for type 'WindowsLook/Static' using base type 'DefaultWindow', window renderer 'Core/Static' Look'N'Feel 'WindowsLook/Static' and RenderEffect ''. (00E5C648)
05/06/2017 16:36:29 (Std) 	Creating falagard mapping for type 'WindowsLook/StaticImage' using base type 'DefaultWindow', window renderer 'Core/StaticImage' Look'N'Feel 'WindowsLook/StaticImage' and RenderEffect ''. (00E5C648)
05/06/2017 16:36:29 (Std) 	Creating falagard mapping for type 'WindowsLook/StaticText' using base type 'DefaultWindow', window renderer 'Core/StaticText' Look'N'Feel 'WindowsLook/StaticText' and RenderEffect ''. (00E5C648)
05/06/2017 16:36:29 (Std) 	Creating falagard mapping for type 'WindowsLook/ItemListbox' using base type 'CEGUI/ItemListbox', window renderer 'Core/ItemListbox' Look'N'Feel 'WindowsLook/ItemListbox' and RenderEffect ''. (00E5C648)
05/06/2017 16:36:29 (Std) 	Creating falagard mapping for type 'WindowsLook/ListboxItem' using base type 'CEGUI/ItemEntry', window renderer 'Core/ItemEntry' Look'N'Feel 'WindowsLook/ListboxItem' and RenderEffect ''. (00E5C648)
05/06/2017 16:36:29 (Std) 	[OpenGLRenderer] Created texture: _ogl_tt_tex_0
05/06/2017 16:36:29 (Std) 	[OpenGLRenderer] Created texture: _ogl_tt_tex_1
05/06/2017 16:36:29 (Std) 	[OpenGLRenderer] Created texture: Jura-10_auto_glyph_images_32
05/06/2017 16:36:29 (Std) 	---- Successfully completed loading of GUI layout from 'Layout/ceguitest.layout' ----
05/06/2017 16:36:56 (Std) 	---- Begining CEGUI System destruction ----
05/06/2017 16:36:56 (Std) 	[OpenGLRenderer] Destroyed texture: _ogl_tt_tex_0
05/06/2017 16:36:56 (Std) 	[OpenGLRenderer] Destroyed texture: _ogl_tt_tex_1
05/06/2017 16:36:56 (Std) 	WindowFactory for 'CEGUI/Tree' windows removed. (037AF8E0)
05/06/2017 16:36:56 (Std) 	Deleted WindowFactory for 'CEGUI/Tree' windows.
05/06/2017 16:36:56 (Std) 	WindowFactory for 'LayoutCell' windows removed. (037B0A10)
05/06/2017 16:36:56 (Std) 	Deleted WindowFactory for 'LayoutCell' windows.
05/06/2017 16:36:56 (Std) 	WindowFactory for 'CEGUI/Thumb' windows removed. (037B03D0)
05/06/2017 16:36:56 (Std) 	Deleted WindowFactory for 'CEGUI/Thumb' windows.
05/06/2017 16:36:56 (Std) 	WindowFactory for 'CEGUI/Slider' windows removed. (037AFB38)
05/06/2017 16:36:56 (Std) 	Deleted WindowFactory for 'CEGUI/Slider' windows.
05/06/2017 16:36:56 (Std) 	WindowFactory for 'CEGUI/Editbox' windows removed. (0528A6A0)
05/06/2017 16:36:56 (Std) 	Deleted WindowFactory for 'CEGUI/Editbox' windows.
05/06/2017 16:36:56 (Std) 	WindowFactory for 'CEGUI/Listbox' windows removed. (037AFCC8)
05/06/2017 16:36:56 (Std) 	Deleted WindowFactory for 'CEGUI/Listbox' windows.
05/06/2017 16:36:56 (Std) 	WindowFactory for 'CEGUI/Menubar' windows removed. (037B0628)
05/06/2017 16:36:56 (Std) 	Deleted WindowFactory for 'CEGUI/Menubar' windows.
05/06/2017 16:36:56 (Std) 	WindowFactory for 'CEGUI/Spinner' windows removed. (037AFF20)
05/06/2017 16:36:56 (Std) 	Deleted WindowFactory for 'CEGUI/Spinner' windows.
05/06/2017 16:36:56 (Std) 	WindowFactory for 'CEGUI/Tooltip' windows removed. (037B0498)
05/06/2017 16:36:56 (Std) 	Deleted WindowFactory for 'CEGUI/Tooltip' windows.
05/06/2017 16:36:56 (Std) 	WindowFactory for 'DefaultWindow' windows removed. (0528AC18)
05/06/2017 16:36:56 (Std) 	Deleted WindowFactory for 'DefaultWindow' windows.
05/06/2017 16:36:56 (Std) 	WindowFactory for 'DragContainer' windows removed. (0528ADA8)
05/06/2017 16:36:56 (Std) 	Deleted WindowFactory for 'DragContainer' windows.
05/06/2017 16:36:56 (Std) 	WindowFactory for 'CEGUI/Combobox' windows removed. (0528A9C0)
05/06/2017 16:36:56 (Std) 	Deleted WindowFactory for 'CEGUI/Combobox' windows.
05/06/2017 16:36:56 (Std) 	WindowFactory for 'CEGUI/GroupBox' windows removed. (037B00B0)
05/06/2017 16:36:56 (Std) 	Deleted WindowFactory for 'CEGUI/GroupBox' windows.
05/06/2017 16:36:56 (Std) 	WindowFactory for 'CEGUI/MenuItem' windows removed. (037AFD90)
05/06/2017 16:36:56 (Std) 	Deleted WindowFactory for 'CEGUI/MenuItem' windows.
05/06/2017 16:36:56 (Std) 	WindowFactory for 'CEGUI/Titlebar' windows removed. (037AFE58)
05/06/2017 16:36:56 (Std) 	Deleted WindowFactory for 'CEGUI/Titlebar' windows.
05/06/2017 16:36:56 (Std) 	WindowFactory for 'CEGUI/ItemEntry' windows removed. (037B07B8)
05/06/2017 16:36:56 (Std) 	Deleted WindowFactory for 'CEGUI/ItemEntry' windows.
05/06/2017 16:36:56 (Std) 	WindowFactory for 'CEGUI/PopupMenu' windows removed. (037B0308)
05/06/2017 16:36:56 (Std) 	Deleted WindowFactory for 'CEGUI/PopupMenu' windows.
05/06/2017 16:36:56 (Std) 	WindowFactory for 'CEGUI/Scrollbar' windows removed. (037B0880)
05/06/2017 16:36:56 (Std) 	Deleted WindowFactory for 'CEGUI/Scrollbar' windows.
05/06/2017 16:36:56 (Std) 	WindowFactory for 'CEGUI/TabButton' windows removed. (037B0948)
05/06/2017 16:36:56 (Std) 	Deleted WindowFactory for 'CEGUI/TabButton' windows.
05/06/2017 16:36:56 (Std) 	WindowFactory for 'CEGUI/ListHeader' windows removed. (037AFC00)
05/06/2017 16:36:56 (Std) 	Deleted WindowFactory for 'CEGUI/ListHeader' windows.
05/06/2017 16:36:56 (Std) 	WindowFactory for 'CEGUI/PushButton' windows removed. (0528A380)
05/06/2017 16:36:56 (Std) 	Deleted WindowFactory for 'CEGUI/PushButton' windows.
05/06/2017 16:36:56 (Std) 	WindowFactory for 'CEGUI/TabControl' windows removed. (037B06F0)
05/06/2017 16:36:56 (Std) 	Deleted WindowFactory for 'CEGUI/TabControl' windows.
05/06/2017 16:36:56 (Std) 	WindowFactory for 'ClippedContainer' windows removed. (0528AF38)
05/06/2017 16:36:56 (Std) 	Deleted WindowFactory for 'ClippedContainer' windows.
05/06/2017 16:36:56 (Std) 	WindowFactory for 'CEGUI/FrameWindow' windows removed. (037B0240)
05/06/2017 16:36:56 (Std) 	Deleted WindowFactory for 'CEGUI/FrameWindow' windows.
05/06/2017 16:36:56 (Std) 	WindowFactory for 'CEGUI/ItemListbox' windows removed. (037AFFE8)
05/06/2017 16:36:56 (Std) 	Deleted WindowFactory for 'CEGUI/ItemListbox' windows.
05/06/2017 16:36:56 (Std) 	WindowFactory for 'CEGUI/ProgressBar' windows removed. (037B0F88)
05/06/2017 16:36:56 (Std) 	Deleted WindowFactory for 'CEGUI/ProgressBar' windows.
05/06/2017 16:36:56 (Std) 	WindowFactory for 'CEGUI/RadioButton' windows removed. (0528A448)
05/06/2017 16:36:56 (Std) 	Deleted WindowFactory for 'CEGUI/RadioButton' windows.
05/06/2017 16:36:56 (Std) 	WindowFactory for 'ScrolledContainer' windows removed. (0528A2B8)
05/06/2017 16:36:56 (Std) 	Deleted WindowFactory for 'ScrolledContainer' windows.
05/06/2017 16:36:56 (Std) 	WindowFactory for 'CEGUI/ToggleButton' windows removed. (037B0560)
05/06/2017 16:36:56 (Std) 	Deleted WindowFactory for 'CEGUI/ToggleButton' windows.
05/06/2017 16:36:56 (Std) 	WindowFactory for 'CEGUI/ComboDropList' windows removed. (0528A510)
05/06/2017 16:36:56 (Std) 	Deleted WindowFactory for 'CEGUI/ComboDropList' windows.
05/06/2017 16:36:56 (Std) 	WindowFactory for 'GridLayoutContainer' windows removed. (037B0C68)
05/06/2017 16:36:56 (Std) 	Deleted WindowFactory for 'GridLayoutContainer' windows.
05/06/2017 16:36:56 (Std) 	WindowFactory for 'CEGUI/ScrollablePane' windows removed. (037AF818)
05/06/2017 16:36:56 (Std) 	Deleted WindowFactory for 'CEGUI/ScrollablePane' windows.
05/06/2017 16:36:56 (Std) 	WindowFactory for 'CEGUI/MultiColumnList' windows removed. (037B0BA0)
05/06/2017 16:36:56 (Std) 	Deleted WindowFactory for 'CEGUI/MultiColumnList' windows.
05/06/2017 16:36:56 (Std) 	WindowFactory for 'CEGUI/MultiLineEditbox' windows removed. (037AF9A8)
05/06/2017 16:36:56 (Std) 	Deleted WindowFactory for 'CEGUI/MultiLineEditbox' windows.
05/06/2017 16:36:56 (Std) 	WindowFactory for 'CEGUI/ListHeaderSegment' windows removed. (037AF750)
05/06/2017 16:36:56 (Std) 	Deleted WindowFactory for 'CEGUI/ListHeaderSegment' windows.
05/06/2017 16:36:56 (Std) 	WindowFactory for 'VerticalLayoutContainer' windows removed. (037B0AD8)
05/06/2017 16:36:56 (Std) 	Deleted WindowFactory for 'VerticalLayoutContainer' windows.
05/06/2017 16:36:56 (Std) 	WindowFactory for 'HorizontalLayoutContainer' windows removed. (037B0178)
05/06/2017 16:36:56 (Std) 	Deleted WindowFactory for 'HorizontalLayoutContainer' windows.
05/06/2017 16:36:56 (Std) 	---- Begining cleanup of GUI Scheme system ----
05/06/2017 16:36:56 (Std) 	WindowRendererFactory for 'Core/Button' WindowRenderers removed. (05FBC1E8)
05/06/2017 16:36:56 (Std) 	Deleted WindowRendererFactory for 'Core/Button' WindowRenderers.
05/06/2017 16:36:56 (Std) 	WindowRendererFactory for 'Core/Default' WindowRenderers removed. (05FBCFF8)
05/06/2017 16:36:56 (Std) 	Deleted WindowRendererFactory for 'Core/Default' WindowRenderers.
05/06/2017 16:36:56 (Std) 	WindowRendererFactory for 'Core/Editbox' WindowRenderers removed. (05FBC378)
05/06/2017 16:36:56 (Std) 	Deleted WindowRendererFactory for 'Core/Editbox' WindowRenderers.
05/06/2017 16:36:56 (Std) 	WindowRendererFactory for 'Core/FrameWindow' WindowRenderers removed. (05FBCC10)
05/06/2017 16:36:56 (Std) 	Deleted WindowRendererFactory for 'Core/FrameWindow' WindowRenderers.
05/06/2017 16:36:56 (Std) 	WindowRendererFactory for 'Core/ItemEntry' WindowRenderers removed. (05FBD188)
05/06/2017 16:36:56 (Std) 	Deleted WindowRendererFactory for 'Core/ItemEntry' WindowRenderers.
05/06/2017 16:36:56 (Std) 	WindowRendererFactory for 'Core/ListHeader' WindowRenderers removed. (05FBC120)
05/06/2017 16:36:56 (Std) 	Deleted WindowRendererFactory for 'Core/ListHeader' WindowRenderers.
05/06/2017 16:36:56 (Std) 	WindowRendererFactory for 'Core/ListHeaderSegment' WindowRenderers removed. (05FBD0C0)
05/06/2017 16:36:56 (Std) 	Deleted WindowRendererFactory for 'Core/ListHeaderSegment' WindowRenderers.
05/06/2017 16:36:56 (Std) 	WindowRendererFactory for 'Core/Listbox' WindowRenderers removed. (05FBC5D0)
05/06/2017 16:36:56 (Std) 	Deleted WindowRendererFactory for 'Core/Listbox' WindowRenderers.
05/06/2017 16:36:56 (Std) 	WindowRendererFactory for 'Core/Menubar' WindowRenderers removed. (05FBC698)
05/06/2017 16:36:56 (Std) 	Deleted WindowRendererFactory for 'Core/Menubar' WindowRenderers.
05/06/2017 16:36:56 (Std) 	WindowRendererFactory for 'Core/MenuItem' WindowRenderers removed. (05FBD318)
05/06/2017 16:36:56 (Std) 	Deleted WindowRendererFactory for 'Core/MenuItem' WindowRenderers.
05/06/2017 16:36:56 (Std) 	WindowRendererFactory for 'Core/MultiColumnList' WindowRenderers removed. (05FBD4A8)
05/06/2017 16:36:56 (Std) 	Deleted WindowRendererFactory for 'Core/MultiColumnList' WindowRenderers.
05/06/2017 16:36:56 (Std) 	WindowRendererFactory for 'Core/MultiLineEditbox' WindowRenderers removed. (05FBC8F0)
05/06/2017 16:36:56 (Std) 	Deleted WindowRendererFactory for 'Core/MultiLineEditbox' WindowRenderers.
05/06/2017 16:36:56 (Std) 	WindowRendererFactory for 'Core/PopupMenu' WindowRenderers removed. (05FBCA80)
05/06/2017 16:36:56 (Std) 	Deleted WindowRendererFactory for 'Core/PopupMenu' WindowRenderers.
05/06/2017 16:36:56 (Std) 	WindowRendererFactory for 'Core/ProgressBar' WindowRenderers removed. (05FBD570)
05/06/2017 16:36:56 (Std) 	Deleted WindowRendererFactory for 'Core/ProgressBar' WindowRenderers.
05/06/2017 16:36:56 (Std) 	WindowRendererFactory for 'Core/ScrollablePane' WindowRenderers removed. (05FBC058)
05/06/2017 16:36:56 (Std) 	Deleted WindowRendererFactory for 'Core/ScrollablePane' WindowRenderers.
05/06/2017 16:36:56 (Std) 	WindowRendererFactory for 'Core/Scrollbar' WindowRenderers removed. (05FBCB48)
05/06/2017 16:36:56 (Std) 	Deleted WindowRendererFactory for 'Core/Scrollbar' WindowRenderers.
05/06/2017 16:36:56 (Std) 	WindowRendererFactory for 'Core/Slider' WindowRenderers removed. (05FBCCD8)
05/06/2017 16:36:56 (Std) 	Deleted WindowRendererFactory for 'Core/Slider' WindowRenderers.
05/06/2017 16:36:56 (Std) 	WindowRendererFactory for 'Core/Static' WindowRenderers removed. (05FBCDA0)
05/06/2017 16:36:56 (Std) 	Deleted WindowRendererFactory for 'Core/Static' WindowRenderers.
05/06/2017 16:36:56 (Std) 	WindowRendererFactory for 'Core/StaticImage' WindowRenderers removed. (05FBBF90)
05/06/2017 16:36:56 (Std) 	Deleted WindowRendererFactory for 'Core/StaticImage' WindowRenderers.
05/06/2017 16:36:56 (Std) 	WindowRendererFactory for 'Core/StaticText' WindowRenderers removed. (05FBD638)
05/06/2017 16:36:56 (Std) 	Deleted WindowRendererFactory for 'Core/StaticText' WindowRenderers.
05/06/2017 16:36:56 (Std) 	WindowRendererFactory for 'Core/TabButton' WindowRenderers removed. (05FBD250)
05/06/2017 16:36:56 (Std) 	Deleted WindowRendererFactory for 'Core/TabButton' WindowRenderers.
05/06/2017 16:36:56 (Std) 	WindowRendererFactory for 'Core/TabControl' WindowRenderers removed. (05FBD700)
05/06/2017 16:36:56 (Std) 	Deleted WindowRendererFactory for 'Core/TabControl' WindowRenderers.
05/06/2017 16:36:56 (Std) 	WindowRendererFactory for 'Core/Titlebar' WindowRenderers removed. (05FBDD40)
05/06/2017 16:36:56 (Std) 	Deleted WindowRendererFactory for 'Core/Titlebar' WindowRenderers.
05/06/2017 16:36:56 (Std) 	WindowRendererFactory for 'Core/ToggleButton' WindowRenderers removed. (05FBD890)
05/06/2017 16:36:56 (Std) 	Deleted WindowRendererFactory for 'Core/ToggleButton' WindowRenderers.
05/06/2017 16:36:56 (Std) 	WindowRendererFactory for 'Core/Tooltip' WindowRenderers removed. (05FBDC78)
05/06/2017 16:36:56 (Std) 	Deleted WindowRendererFactory for 'Core/Tooltip' WindowRenderers.
05/06/2017 16:36:56 (Std) 	WindowRendererFactory for 'Core/ItemListbox' WindowRenderers removed. (05FBD958)
05/06/2017 16:36:56 (Std) 	Deleted WindowRendererFactory for 'Core/ItemListbox' WindowRenderers.
05/06/2017 16:36:56 (Std) 	WindowRendererFactory for 'Core/Tree' WindowRenderers removed. (05FBDA20)
05/06/2017 16:36:56 (Std) 	Deleted WindowRendererFactory for 'Core/Tree' WindowRenderers.
05/06/2017 16:36:56 (Std) 	CEGUI::SchemeManager singleton destroyed. (037DDD28)
05/06/2017 16:36:56 (Std) 	CEGUI::WindowManager singleton destroyed (053832A8)
05/06/2017 16:36:56 (Std) 	CEGUI::WindowFactoryManager singleton destroyed
05/06/2017 16:36:56 (Std) 	CEGUI::WidgetLookManager singleton destroyed. (052828E0)
05/06/2017 16:36:56 (Std) 	CEGUI::WindowRendererManager singleton destroyed (05282CE0)
05/06/2017 16:36:56 (Std) 	CEGUI::AnimationManager singleton destroyed (037F4BB8)
05/06/2017 16:36:56 (Std) 	CEGUI::RenderEffectManager singleton destroyed (037AC9F8)
05/06/2017 16:36:56 (Std) 	---- Begining cleanup of Font system ----
05/06/2017 16:36:56 (Std) 	[OpenGLRenderer] Destroyed texture: Jura-10_auto_glyph_images_32
05/06/2017 16:36:56 (Std) 	CEGUI::FontManager singleton destroyed. (051BD068)
05/06/2017 16:36:56 (Std) 	[ImageManager] Deleted image: WindowsLook/MenuTop
05/06/2017 16:36:56 (Std) 	[ImageManager] Deleted image: WindowsLook/MenuLeft
05/06/2017 16:36:56 (Std) 	[ImageManager] Deleted image: WindowsLook/MenuRight
05/06/2017 16:36:56 (Std) 	[ImageManager] Deleted image: WindowsLook/Background
05/06/2017 16:36:56 (Std) 	[ImageManager] Deleted image: WindowsLook/MenuBottom
05/06/2017 16:36:56 (Std) 	[ImageManager] Deleted image: WindowsLook/MouseArrow
05/06/2017 16:36:56 (Std) 	[ImageManager] Deleted image: WindowsLook/SliderTick
05/06/2017 16:36:56 (Std) 	[ImageManager] Deleted image: WindowsLook/MenuTopLeft
05/06/2017 16:36:56 (Std) 	[ImageManager] Deleted image: WindowsLook/TitlebarTop
05/06/2017 16:36:56 (Std) 	[ImageManager] Deleted image: WindowsLook/CheckboxMark
05/06/2017 16:36:56 (Std) 	[ImageManager] Deleted image: WindowsLook/EditBoxCaret
05/06/2017 16:36:56 (Std) 	[ImageManager] Deleted image: WindowsLook/EditFrameTop
05/06/2017 16:36:56 (Std) 	[ImageManager] Deleted image: WindowsLook/LargeUpArrow
05/06/2017 16:36:56 (Std) 	[ImageManager] Deleted image: WindowsLook/MenuTopRight
05/06/2017 16:36:56 (Std) 	[ImageManager] Deleted image: WindowsLook/MouseTextBar
05/06/2017 16:36:56 (Std) 	[ImageManager] Deleted image: WindowsLook/SmallUpArrow
05/06/2017 16:36:56 (Std) 	[ImageManager] Deleted image: WindowsLook/TitlebarFill
05/06/2017 16:36:56 (Std) 	[ImageManager] Deleted image: WindowsLook/TitlebarLeft
05/06/2017 16:36:56 (Std) 	[ImageManager] Deleted image: WindowsLook/CheckboxHover
05/06/2017 16:36:56 (Std) 	[ImageManager] Deleted image: WindowsLook/EditFrameLeft
05/06/2017 16:36:56 (Std) 	[ImageManager] Deleted image: WindowsLook/TitlebarRight
05/06/2017 16:36:56 (Std) 	[ImageManager] Deleted image: WindowsLook/TooltipMiddle
05/06/2017 16:36:56 (Std) 	[ImageManager] Deleted image: WindowsLook/ButtonHoverTop
05/06/2017 16:36:56 (Std) 	[ImageManager] Deleted image: WindowsLook/CheckboxNormal
05/06/2017 16:36:56 (Std) 	[ImageManager] Deleted image: WindowsLook/EditFrameRight
05/06/2017 16:36:56 (Std) 	[ImageManager] Deleted image: WindowsLook/HeaderSplitter
05/06/2017 16:36:56 (Std) 	[ImageManager] Deleted image: WindowsLook/LargeDownArrow
05/06/2017 16:36:56 (Std) 	[ImageManager] Deleted image: WindowsLook/LargeLeftArrow
05/06/2017 16:36:56 (Std) 	[ImageManager] Deleted image: WindowsLook/MenuBottomLeft
05/06/2017 16:36:56 (Std) 	[ImageManager] Deleted image: WindowsLook/SmallDownArrow
05/06/2017 16:36:56 (Std) 	[ImageManager] Deleted image: WindowsLook/SmallLeftArrow
05/06/2017 16:36:56 (Std) 	[ImageManager] Deleted image: WindowsLook/StaticFrameTop
05/06/2017 16:36:56 (Std) 	[ImageManager] Deleted image: WindowsLook/TitlebarBottom
05/06/2017 16:36:56 (Std) 	[ImageManager] Deleted image: WindowsLook/TooltipTopEdge
05/06/2017 16:36:56 (Std) 	[ImageManager] Deleted image: WindowsLook/TooltipTopLeft
05/06/2017 16:36:56 (Std) 	[ImageManager] Deleted image: WindowsLook/WindowFrameTop
05/06/2017 16:36:56 (Std) 	[ImageManager] Deleted image: WindowsLook/ButtonHoverLeft
05/06/2017 16:36:56 (Std) 	[ImageManager] Deleted image: WindowsLook/ButtonNormalTop
05/06/2017 16:36:56 (Std) 	[ImageManager] Deleted image: WindowsLook/ButtonPushedTop
05/06/2017 16:36:56 (Std) 	[ImageManager] Deleted image: WindowsLook/EditFrameBottom
05/06/2017 16:36:56 (Std) 	[ImageManager] Deleted image: WindowsLook/HeaderMainBrush
05/06/2017 16:36:56 (Std) 	[ImageManager] Deleted image: WindowsLook/LargeRightArrow
05/06/2017 16:36:56 (Std) 	[ImageManager] Deleted image: WindowsLook/MenuBottomRight
05/06/2017 16:36:56 (Std) 	[ImageManager] Deleted image: WindowsLook/MouseEsWeCursor
05/06/2017 16:36:56 (Std) 	[ImageManager] Deleted image: WindowsLook/MouseMoveCursor
05/06/2017 16:36:56 (Std) 	[ImageManager] Deleted image: WindowsLook/MouseNeSwCursor
05/06/2017 16:36:56 (Std) 	[ImageManager] Deleted image: WindowsLook/MouseNoSoCursor
05/06/2017 16:36:56 (Std) 	[ImageManager] Deleted image: WindowsLook/MouseNwSeCursor
05/06/2017 16:36:56 (Std) 	[ImageManager] Deleted image: WindowsLook/RadioButtonMark
05/06/2017 16:36:56 (Std) 	[ImageManager] Deleted image: WindowsLook/SliderTrackLeft
05/06/2017 16:36:56 (Std) 	[ImageManager] Deleted image: WindowsLook/SmallRightArrow
05/06/2017 16:36:56 (Std) 	[ImageManager] Deleted image: WindowsLook/StaticFrameLeft
05/06/2017 16:36:56 (Std) 	[ImageManager] Deleted image: WindowsLook/TitlebarTopLeft
05/06/2017 16:36:56 (Std) 	[ImageManager] Deleted image: WindowsLook/TooltipLeftEdge
05/06/2017 16:36:56 (Std) 	[ImageManager] Deleted image: WindowsLook/TooltipTopRight
05/06/2017 16:36:56 (Std) 	[ImageManager] Deleted image: WindowsLook/WindowFrameLeft
05/06/2017 16:36:56 (Std) 	[ImageManager] Deleted image: WindowsLook/ButtonHoverRight
05/06/2017 16:36:56 (Std) 	[ImageManager] Deleted image: WindowsLook/ButtonNormalLeft
05/06/2017 16:36:56 (Std) 	[ImageManager] Deleted image: WindowsLook/ButtonPushedLeft
05/06/2017 16:36:56 (Std) 	[ImageManager] Deleted image: WindowsLook/CloseButtonHover
05/06/2017 16:36:56 (Std) 	[ImageManager] Deleted image: WindowsLook/EditFrameTopLeft
05/06/2017 16:36:56 (Std) 	[ImageManager] Deleted image: WindowsLook/HeaderBottomEdge
05/06/2017 16:36:56 (Std) 	[ImageManager] Deleted image: WindowsLook/RadioButtonHover
05/06/2017 16:36:56 (Std) 	[ImageManager] Deleted image: WindowsLook/SliderThumbHover
05/06/2017 16:36:56 (Std) 	[ImageManager] Deleted image: WindowsLook/SliderTrackRight
05/06/2017 16:36:56 (Std) 	[ImageManager] Deleted image: WindowsLook/StaticFrameRight
05/06/2017 16:36:56 (Std) 	[ImageManager] Deleted image: WindowsLook/TitlebarTopRight
05/06/2017 16:36:56 (Std) 	[ImageManager] Deleted image: WindowsLook/TooltipRightEdge
05/06/2017 16:36:56 (Std) 	[ImageManager] Deleted image: WindowsLook/WindowFrameRight
05/06/2017 16:36:56 (Std) 	[ImageManager] Deleted image: WindowsLook/ButtonHoverBottom
05/06/2017 16:36:56 (Std) 	[ImageManager] Deleted image: WindowsLook/ButtonNormalRight
05/06/2017 16:36:56 (Std) 	[ImageManager] Deleted image: WindowsLook/ButtonPushedRight
05/06/2017 16:36:56 (Std) 	[ImageManager] Deleted image: WindowsLook/CloseButtonNormal
05/06/2017 16:36:56 (Std) 	[ImageManager] Deleted image: WindowsLook/CloseButtonPushed
05/06/2017 16:36:56 (Std) 	[ImageManager] Deleted image: WindowsLook/EditFrameTopRight
05/06/2017 16:36:56 (Std) 	[ImageManager] Deleted image: WindowsLook/HorzScrollbarGrip
05/06/2017 16:36:56 (Std) 	[ImageManager] Deleted image: WindowsLook/PopupMenuFrameTop
05/06/2017 16:36:56 (Std) 	[ImageManager] Deleted image: WindowsLook/RadioButtonNormal
05/06/2017 16:36:56 (Std) 	[ImageManager] Deleted image: WindowsLook/SliderThumbNormal
05/06/2017 16:36:56 (Std) 	[ImageManager] Deleted image: WindowsLook/SlidertrackMiddle
05/06/2017 16:36:56 (Std) 	[ImageManager] Deleted image: WindowsLook/StaticFrameBottom
05/06/2017 16:36:56 (Std) 	[ImageManager] Deleted image: WindowsLook/TabContentPaneTop
05/06/2017 16:36:56 (Std) 	[ImageManager] Deleted image: WindowsLook/TooltipBottomEdge
05/06/2017 16:36:56 (Std) 	[ImageManager] Deleted image: WindowsLook/TooltipBottomLeft
05/06/2017 16:36:56 (Std) 	[ImageManager] Deleted image: WindowsLook/VertScrollbarGrip
05/06/2017 16:36:56 (Std) 	[ImageManager] Deleted image: WindowsLook/WindowFrameBottom
05/06/2017 16:36:56 (Std) 	[ImageManager] Deleted image: WindowsLook/ButtonHoverTopLeft
05/06/2017 16:36:56 (Std) 	[ImageManager] Deleted image: WindowsLook/ButtonNormalBottom
05/06/2017 16:36:56 (Std) 	[ImageManager] Deleted image: WindowsLook/ButtonPushedBottom
05/06/2017 16:36:56 (Std) 	[ImageManager] Deleted image: WindowsLook/PopupMenuArrowLeft
05/06/2017 16:36:56 (Std) 	[ImageManager] Deleted image: WindowsLook/PopupMenuFrameLeft
05/06/2017 16:36:56 (Std) 	[ImageManager] Deleted image: WindowsLook/StaticFrameTopLeft
05/06/2017 16:36:56 (Std) 	[ImageManager] Deleted image: WindowsLook/TabContentPaneLeft
05/06/2017 16:36:56 (Std) 	[ImageManager] Deleted image: WindowsLook/TitlebarBottomLeft
05/06/2017 16:36:56 (Std) 	[ImageManager] Deleted image: WindowsLook/TooltipBottomRight
05/06/2017 16:36:56 (Std) 	[ImageManager] Deleted image: WindowsLook/WindowFrameTopLeft
05/06/2017 16:36:56 (Std) 	[ImageManager] Deleted image: WindowsLook/ButtonHoverTopRight
05/06/2017 16:36:56 (Std) 	[ImageManager] Deleted image: WindowsLook/ButtonNormalTopLeft
05/06/2017 16:36:56 (Std) 	[ImageManager] Deleted image: WindowsLook/ButtonPushedTopLeft
05/06/2017 16:36:56 (Std) 	[ImageManager] Deleted image: WindowsLook/EditFrameBottomLeft
05/06/2017 16:36:56 (Std) 	[ImageManager] Deleted image: WindowsLook/PopupMenuArrowRight
05/06/2017 16:36:56 (Std) 	[ImageManager] Deleted image: WindowsLook/PopupMenuFrameRight
05/06/2017 16:36:56 (Std) 	[ImageManager] Deleted image: WindowsLook/StaticFrameTopRight
05/06/2017 16:36:56 (Std) 	[ImageManager] Deleted image: WindowsLook/TabButtonLeftNormal
05/06/2017 16:36:56 (Std) 	[ImageManager] Deleted image: WindowsLook/TabContentPaneLower
05/06/2017 16:36:56 (Std) 	[ImageManager] Deleted image: WindowsLook/TabContentPaneRight
05/06/2017 16:36:56 (Std) 	[ImageManager] Deleted image: WindowsLook/TitlebarBottomRight
05/06/2017 16:36:56 (Std) 	[ImageManager] Deleted image: WindowsLook/WindowFrameTopRight
05/06/2017 16:36:56 (Std) 	[ImageManager] Deleted image: WindowsLook/ButtonNormalTopRight
05/06/2017 16:36:56 (Std) 	[ImageManager] Deleted image: WindowsLook/ButtonPushedTopRight
05/06/2017 16:36:56 (Std) 	[ImageManager] Deleted image: WindowsLook/EditFrameBottomRight
05/06/2017 16:36:56 (Std) 	[ImageManager] Deleted image: WindowsLook/PopupMenuFrameBottom
05/06/2017 16:36:56 (Std) 	[ImageManager] Deleted image: WindowsLook/TabButtonLowerNormal
05/06/2017 16:36:56 (Std) 	[ImageManager] Deleted image: WindowsLook/TabButtonRightNormal
05/06/2017 16:36:56 (Std) 	[ImageManager] Deleted image: WindowsLook/TabButtonUpperNormal
05/06/2017 16:36:56 (Std) 	[ImageManager] Deleted image: WindowsLook/TabContentPaneMiddle
05/06/2017 16:36:56 (Std) 	[ImageManager] Deleted image: WindowsLook/ButtonHoverBottomLeft
05/06/2017 16:36:56 (Std) 	[ImageManager] Deleted image: WindowsLook/PopupMenuFrameTopLeft
05/06/2017 16:36:56 (Std) 	[ImageManager] Deleted image: WindowsLook/StaticFrameBottomLeft
05/06/2017 16:36:56 (Std) 	[ImageManager] Deleted image: WindowsLook/TabButtonLeftSelected
05/06/2017 16:36:56 (Std) 	[ImageManager] Deleted image: WindowsLook/TabButtonMiddleNormal
05/06/2017 16:36:56 (Std) 	[ImageManager] Deleted image: WindowsLook/WindowFrameBottomLeft
05/06/2017 16:36:56 (Std) 	[ImageManager] Deleted image: WindowsLook/ButtonHoverBottomRight
05/06/2017 16:36:56 (Std) 	[ImageManager] Deleted image: WindowsLook/ButtonNormalBottomLeft
05/06/2017 16:36:56 (Std) 	[ImageManager] Deleted image: WindowsLook/ButtonPushedBottomLeft
05/06/2017 16:36:56 (Std) 	[ImageManager] Deleted image: WindowsLook/PopupMenuFrameTopRight
05/06/2017 16:36:56 (Std) 	[ImageManager] Deleted image: WindowsLook/StaticFrameBottomRight
05/06/2017 16:36:56 (Std) 	[ImageManager] Deleted image: WindowsLook/TabButtonLowerSelected
05/06/2017 16:36:56 (Std) 	[ImageManager] Deleted image: WindowsLook/TabButtonRightSelected
05/06/2017 16:36:56 (Std) 	[ImageManager] Deleted image: WindowsLook/TabButtonUpperSelected
05/06/2017 16:36:56 (Std) 	[ImageManager] Deleted image: WindowsLook/TabHorizontalTopFiller
05/06/2017 16:36:56 (Std) 	[ImageManager] Deleted image: WindowsLook/WindowFrameBottomRight
05/06/2017 16:36:56 (Std) 	[ImageManager] Deleted image: WindowsLook/ButtonNormalBottomRight
05/06/2017 16:36:56 (Std) 	[ImageManager] Deleted image: WindowsLook/ButtonPushedBottomRight
05/06/2017 16:36:56 (Std) 	[ImageManager] Deleted image: WindowsLook/MultiListSelectionBrush
05/06/2017 16:36:56 (Std) 	[ImageManager] Deleted image: WindowsLook/TabButtonMiddleSelected
05/06/2017 16:36:56 (Std) 	[ImageManager] Deleted image: WindowsLook/TabContentPaneLowerLeft
05/06/2017 16:36:56 (Std) 	[ImageManager] Deleted image: WindowsLook/TabContentPaneUpperLeft
05/06/2017 16:36:56 (Std) 	[ImageManager] Deleted image: WindowsLook/PopupMenuFrameBottomLeft
05/06/2017 16:36:56 (Std) 	[ImageManager] Deleted image: WindowsLook/TabButtonLowerLeftNormal
05/06/2017 16:36:56 (Std) 	[ImageManager] Deleted image: WindowsLook/TabButtonScrollLeftHover
05/06/2017 16:36:56 (Std) 	[ImageManager] Deleted image: WindowsLook/TabButtonUpperLeftNormal
05/06/2017 16:36:56 (Std) 	[ImageManager] Deleted image: WindowsLook/TabContentPaneLowerRight
05/06/2017 16:36:56 (Std) 	[ImageManager] Deleted image: WindowsLook/TabContentPaneUpperRight
05/06/2017 16:36:56 (Std) 	[ImageManager] Deleted image: WindowsLook/PopupMenuFrameBottomRight
05/06/2017 16:36:56 (Std) 	[ImageManager] Deleted image: WindowsLook/TabButtonLowerRightNormal
05/06/2017 16:36:56 (Std) 	[ImageManager] Deleted image: WindowsLook/TabButtonScrollLeftNormal
05/06/2017 16:36:56 (Std) 	[ImageManager] Deleted image: WindowsLook/TabButtonScrollRightHover
05/06/2017 16:36:56 (Std) 	[ImageManager] Deleted image: WindowsLook/TabButtonUpperRightNormal
05/06/2017 16:36:56 (Std) 	[ImageManager] Deleted image: WindowsLook/TabHorizontalBottomFiller
05/06/2017 16:36:56 (Std) 	[ImageManager] Deleted image: WindowsLook/TabButtonLowerLeftSelected
05/06/2017 16:36:56 (Std) 	[ImageManager] Deleted image: WindowsLook/TabButtonScrollRightNormal
05/06/2017 16:36:56 (Std) 	[ImageManager] Deleted image: WindowsLook/TabButtonUpperLeftSelected
05/06/2017 16:36:56 (Std) 	[ImageManager] Deleted image: WindowsLook/TabButtonLowerRightSelected
05/06/2017 16:36:56 (Std) 	[ImageManager] Deleted image: WindowsLook/TabButtonUpperRightSelected
05/06/2017 16:36:56 (Std) 	[CEGUI::ImageManager] Unregistered Image type: BasicImage
05/06/2017 16:36:56 (Std) 	[CEGUI::ImageManager] Singleton destroyed (05338D30)
05/06/2017 16:36:56 (Std) 	CEGUI::GlobalEventSet singleton destroyed. (037AC920)
05/06/2017 16:36:56 (Std) 	CEGUI::System singleton destroyed. (052FE870)
05/06/2017 16:36:56 (Std) 	---- CEGUI System destruction completed ----
05/06/2017 16:36:56 (Std) 	CEGUI::Logger singleton destroyed. (051BCDF8)
